<?xml version="1.0" encoding="UTF-8"?>
<!-- Generated by org.testng.reporters.JUnitReportReporter -->
<testsuite hostname="HDC3-L-PF1VZNEE" failures="0" tests="4" name="testNgTest.DataProvider2" time="0.012" errors="0" timestamp="2023-05-24T13:29:10 IST" skipped="0">
  <testcase classname="testNgTest.DataProvider2" name="DataProviderTest" time="0.001"/>
  <system-out/>
  <testcase classname="testNgTest.DataProvider2" name="DataProviderTest" time="0.003"/>
  <system-out/>
  <testcase classname="testNgTest.DataProvider2" name="DataProviderTest" time="0.001"/>
  <system-out/>
  <testcase classname="testNgTest.DataProvider2" name="DataProviderTest" time="0.007"/>
  <system-out/>
</testsuite> <!-- testNgTest.DataProvider2 -->
