<?xml version="1.0" encoding="UTF-8"?>
<!-- Generated by org.testng.reporters.JUnitReportReporter -->
<testsuite hostname="HDC3-L-PF1VZNEE" failures="0" tests="1" name="pageObjectTests.RegisterPageTest" time="16.295" errors="0" timestamp="2023-05-24T18:29:16 IST" skipped="0">
  <testcase classname="pageObjectTests.RegisterPageTest" name="VerifyRegistration" time="16.295"/>
  <system-out/>
</testsuite> <!-- pageObjectTests.RegisterPageTest -->
