<?xml version="1.0" encoding="UTF-8"?>
<!-- Generated by org.testng.reporters.JUnitReportReporter -->
<testsuite hostname="HDC3-L-PF1VZNEE" failures="0" tests="1" name="testNgTest.ReporterExample" time="39.477" errors="0" timestamp="2023-05-19T18:47:41 IST" skipped="0">
  <testcase classname="testNgTest.ReporterExample" name="ActualTest" time="39.477"/>
  <system-out>
    <![CDATA[Actual text]]>
  </system-out>
</testsuite> <!-- testNgTest.ReporterExample -->
