<?xml version="1.0" encoding="UTF-8"?>
<!-- Generated by org.testng.reporters.JUnitReportReporter -->
<testsuite hostname="HDC3-L-PF1VZNEE" failures="0" tests="3" name="testNgTest.DataproviderExample" time="0.013" errors="0" timestamp="2023-05-04T17:31:31 IST" skipped="0">
  <testcase classname="testNgTest.DataproviderExample" name="testMethod" time="0.009"/>
  <system-out/>
  <testcase classname="testNgTest.DataproviderExample" name="testMethod" time="0.002"/>
  <system-out/>
  <testcase classname="testNgTest.DataproviderExample" name="testMethod" time="0.002"/>
  <system-out/>
</testsuite> <!-- testNgTest.DataproviderExample -->
