<?xml version="1.0" encoding="UTF-8"?>
<!-- Generated by org.testng.reporters.JUnitReportReporter -->
<testsuite hostname="HDC3-L-PF1VZNEE" failures="0" tests="3" name="testNgTest.TestngExample" time="0.144" errors="0" timestamp="2023-05-30T13:17:55 IST" skipped="0">
  <testcase classname="testNgTest.TestngExample" name="Testmethod3" time="0.124"/>
  <system-out/>
  <testcase classname="testNgTest.TestngExample" name="Testmethod2" time="0.010"/>
  <system-out/>
  <testcase classname="testNgTest.TestngExample" name="Testmethod1" time="0.010"/>
  <system-out/>
</testsuite> <!-- testNgTest.TestngExample -->
