<?xml version="1.0" encoding="UTF-8"?>
<!-- Generated by org.testng.reporters.JUnitReportReporter -->
<testsuite hostname="HDC3-L-PF1VZNEE" failures="0" tests="1" name="ArtOfTesting.SoftAssert1" time="30.728" errors="0" timestamp="2023-05-24T16:32:40 IST" skipped="0">
  <testcase classname="ArtOfTesting.SoftAssert1" name="AssertExample" time="30.728"/>
  <system-out/>
</testsuite> <!-- ArtOfTesting.SoftAssert1 -->
