<?xml version="1.0" encoding="UTF-8"?>
<!-- Generated by org.testng.reporters.JUnitReportReporter -->
<testsuite hostname="HDC3-L-PF1VZNEE" failures="0" tests="1" name="pageObjectTests.RegisterPageTest2" time="30.397" errors="0" timestamp="2023-05-25T17:03:08 IST" skipped="0">
  <testcase classname="pageObjectTests.RegisterPageTest2" name="VerifyRegistration" time="30.397"/>
  <system-out>
    <![CDATA[url is opened
firstname is entered 
lastname is entered 
email is entered 
adrress is entered 
city is entered 
firstname is entered 
lastname is entered 
email is entered 
adrress is entered 
city is entered ]]>
  </system-out>
</testsuite> <!-- pageObjectTests.RegisterPageTest2 -->
