<?xml version="1.0" encoding="UTF-8"?>
<!-- Generated by org.testng.reporters.JUnitReportReporter -->
<testsuite hostname="HDC3-L-PF1VZNEE" failures="0" tests="1" name="ListenersExample.TestcasesListener" time="0.020" errors="0" timestamp="2023-05-19T18:38:49 IST" skipped="0">
  <testcase classname="ListenersExample.TestcasesListener" name="Test1" time="0.020"/>
  <system-out/>
</testsuite> <!-- ListenersExample.TestcasesListener -->
